This file contains any messages produced by compilers while
running configure, to aid debugging if configure makes a mistake.

It was created by configure, which was
generated by GNU Autoconf 2.69.  Invocation command line was

  $ ./configure --prefix=/home/irc/ircu

## --------- ##
## Platform. ##
## --------- ##

hostname = vps812559
uname -m = x86_64
uname -r = 4.9.0-11-amd64
uname -s = Linux
uname -v = #1 SMP Debian 4.9.189-3+deb9u2 (2019-11-11)

/usr/bin/uname -p = unknown
/bin/uname -X     = unknown

/bin/arch              = unknown
/usr/bin/arch -k       = unknown
/usr/convex/getsysinfo = unknown
/usr/bin/hostinfo      = unknown
/bin/machine           = unknown
/usr/bin/oslevel       = unknown
/bin/universe          = unknown

PATH: /usr/local/sbin
PATH: /usr/local/bin
PATH: /usr/sbin
PATH: /usr/bin
PATH: /sbin
PATH: /bin


## ----------- ##
## Core tests. ##
## ----------- ##

configure:2410: checking for gcc
configure:2426: found /usr/bin/gcc
configure:2437: result: gcc
configure:2666: checking for C compiler version
configure:2675: gcc --version >&5
gcc (Debian 6.3.0-18+deb9u1) 6.3.0 20170516
Copyright (C) 2016 Free Software Foundation, Inc.
This is free software; see the source for copying conditions.  There is NO
warranty; not even for MERCHANTABILITY or FITNESS FOR A PARTICULAR PURPOSE.

configure:2686: $? = 0
configure:2675: gcc -v >&5
Using built-in specs.
COLLECT_GCC=gcc
COLLECT_LTO_WRAPPER=/usr/lib/gcc/x86_64-linux-gnu/6/lto-wrapper
Target: x86_64-linux-gnu
Configured with: ../src/configure -v --with-pkgversion='Debian 6.3.0-18+deb9u1' --with-bugurl=file:///usr/share/doc/gcc-6/README.Bugs --enable-languages=c,ada,c++,java,go,d,fortran,objc,obj-c++ --prefix=/usr --program-suffix=-6 --program-prefix=x86_64-linux-gnu- --enable-shared --enable-linker-build-id --libexecdir=/usr/lib --without-included-gettext --enable-threads=posix --libdir=/usr/lib --enable-nls --with-sysroot=/ --enable-clocale=gnu --enable-libstdcxx-debug --enable-libstdcxx-time=yes --with-default-libstdcxx-abi=new --enable-gnu-unique-object --disable-vtable-verify --enable-libmpx --enable-plugin --enable-default-pie --with-system-zlib --disable-browser-plugin --enable-java-awt=gtk --enable-gtk-cairo --with-java-home=/usr/lib/jvm/java-1.5.0-gcj-6-amd64/jre --enable-java-home --with-jvm-root-dir=/usr/lib/jvm/java-1.5.0-gcj-6-amd64 --with-jvm-jar-dir=/usr/lib/jvm-exports/java-1.5.0-gcj-6-amd64 --with-arch-directory=amd64 --with-ecj-jar=/usr/share/java/eclipse-ecj.jar --with-target-system-zlib --enable-objc-gc=auto --enable-multiarch --with-arch-32=i686 --with-abi=m64 --with-multilib-list=m32,m64,mx32 --enable-multilib --with-tune=generic --enable-checking=release --build=x86_64-linux-gnu --host=x86_64-linux-gnu --target=x86_64-linux-gnu
Thread model: posix
gcc version 6.3.0 20170516 (Debian 6.3.0-18+deb9u1) 
configure:2686: $? = 0
configure:2675: gcc -V >&5
gcc: error: unrecognized command line option '-V'
gcc: fatal error: no input files
compilation terminated.
configure:2686: $? = 1
configure:2675: gcc -qversion >&5
gcc: error: unrecognized command line option '-qversion'; did you mean '--version'?
gcc: fatal error: no input files
compilation terminated.
configure:2686: $? = 1
configure:2706: checking whether the C compiler works
configure:2728: gcc    conftest.c  >&5
configure:2732: $? = 0
configure:2780: result: yes
configure:2783: checking for C compiler default output file name
configure:2785: result: a.out
configure:2791: checking for suffix of executables
configure:2798: gcc -o conftest    conftest.c  >&5
configure:2802: $? = 0
configure:2824: result: 
configure:2846: checking whether we are cross compiling
configure:2854: gcc -o conftest    conftest.c  >&5
configure:2858: $? = 0
configure:2865: ./conftest
configure:2869: $? = 0
configure:2884: result: no
configure:2889: checking for suffix of object files
configure:2911: gcc -c   conftest.c >&5
configure:2915: $? = 0
configure:2936: result: o
configure:2940: checking whether we are using the GNU C compiler
configure:2959: gcc -c   conftest.c >&5
configure:2959: $? = 0
configure:2968: result: yes
configure:2977: checking whether gcc accepts -g
configure:2997: gcc -c -g  conftest.c >&5
configure:2997: $? = 0
configure:3038: result: yes
configure:3055: checking for gcc option to accept ISO C89
configure:3118: gcc  -c -g -O2  conftest.c >&5
configure:3118: $? = 0
configure:3131: result: none needed
configure:3158: checking how to run the C preprocessor
configure:3189: gcc -E  conftest.c
configure:3189: $? = 0
configure:3203: gcc -E  conftest.c
conftest.c:9:28: fatal error: ac_nonexistent.h: No such file or directory
 #include <ac_nonexistent.h>
                            ^
compilation terminated.
configure:3203: $? = 1
configure: failed program was:
| /* confdefs.h */
| #define PACKAGE_NAME ""
| #define PACKAGE_TARNAME ""
| #define PACKAGE_VERSION ""
| #define PACKAGE_STRING ""
| #define PACKAGE_BUGREPORT ""
| #define PACKAGE_URL ""
| /* end confdefs.h.  */
| #include <ac_nonexistent.h>
configure:3228: result: gcc -E
configure:3248: gcc -E  conftest.c
configure:3248: $? = 0
configure:3262: gcc -E  conftest.c
conftest.c:9:28: fatal error: ac_nonexistent.h: No such file or directory
 #include <ac_nonexistent.h>
                            ^
compilation terminated.
configure:3262: $? = 1
configure: failed program was:
| /* confdefs.h */
| #define PACKAGE_NAME ""
| #define PACKAGE_TARNAME ""
| #define PACKAGE_VERSION ""
| #define PACKAGE_STRING ""
| #define PACKAGE_BUGREPORT ""
| #define PACKAGE_URL ""
| /* end confdefs.h.  */
| #include <ac_nonexistent.h>
configure:3291: checking for grep that handles long lines and -e
configure:3349: result: /bin/grep
configure:3354: checking for egrep
configure:3416: result: /bin/grep -E
configure:3421: checking for ANSI C header files
configure:3441: gcc -c -g -O2  conftest.c >&5
configure:3441: $? = 0
configure:3514: gcc -o conftest -g -O2   conftest.c  >&5
configure:3514: $? = 0
configure:3514: ./conftest
configure:3514: $? = 0
configure:3525: result: yes
configure:3538: checking for sys/types.h
configure:3538: gcc -c -g -O2  conftest.c >&5
configure:3538: $? = 0
configure:3538: result: yes
configure:3538: checking for sys/stat.h
configure:3538: gcc -c -g -O2  conftest.c >&5
configure:3538: $? = 0
configure:3538: result: yes
configure:3538: checking for stdlib.h
configure:3538: gcc -c -g -O2  conftest.c >&5
configure:3538: $? = 0
configure:3538: result: yes
configure:3538: checking for string.h
configure:3538: gcc -c -g -O2  conftest.c >&5
configure:3538: $? = 0
configure:3538: result: yes
configure:3538: checking for memory.h
configure:3538: gcc -c -g -O2  conftest.c >&5
configure:3538: $? = 0
configure:3538: result: yes
configure:3538: checking for strings.h
configure:3538: gcc -c -g -O2  conftest.c >&5
configure:3538: $? = 0
configure:3538: result: yes
configure:3538: checking for inttypes.h
configure:3538: gcc -c -g -O2  conftest.c >&5
configure:3538: $? = 0
configure:3538: result: yes
configure:3538: checking for stdint.h
configure:3538: gcc -c -g -O2  conftest.c >&5
configure:3538: $? = 0
configure:3538: result: yes
configure:3538: checking for unistd.h
configure:3538: gcc -c -g -O2  conftest.c >&5
configure:3538: $? = 0
configure:3538: result: yes
configure:3551: checking minix/config.h usability
configure:3551: gcc -c -g -O2  conftest.c >&5
conftest.c:52:26: fatal error: minix/config.h: No such file or directory
 #include <minix/config.h>
                          ^
compilation terminated.
configure:3551: $? = 1
configure: failed program was:
| /* confdefs.h */
| #define PACKAGE_NAME ""
| #define PACKAGE_TARNAME ""
| #define PACKAGE_VERSION ""
| #define PACKAGE_STRING ""
| #define PACKAGE_BUGREPORT ""
| #define PACKAGE_URL ""
| #define STDC_HEADERS 1
| #define HAVE_SYS_TYPES_H 1
| #define HAVE_SYS_STAT_H 1
| #define HAVE_STDLIB_H 1
| #define HAVE_STRING_H 1
| #define HAVE_MEMORY_H 1
| #define HAVE_STRINGS_H 1
| #define HAVE_INTTYPES_H 1
| #define HAVE_STDINT_H 1
| #define HAVE_UNISTD_H 1
| /* end confdefs.h.  */
| #include <stdio.h>
| #ifdef HAVE_SYS_TYPES_H
| # include <sys/types.h>
| #endif
| #ifdef HAVE_SYS_STAT_H
| # include <sys/stat.h>
| #endif
| #ifdef STDC_HEADERS
| # include <stdlib.h>
| # include <stddef.h>
| #else
| # ifdef HAVE_STDLIB_H
| #  include <stdlib.h>
| # endif
| #endif
| #ifdef HAVE_STRING_H
| # if !defined STDC_HEADERS && defined HAVE_MEMORY_H
| #  include <memory.h>
| # endif
| # include <string.h>
| #endif
| #ifdef HAVE_STRINGS_H
| # include <strings.h>
| #endif
| #ifdef HAVE_INTTYPES_H
| # include <inttypes.h>
| #endif
| #ifdef HAVE_STDINT_H
| # include <stdint.h>
| #endif
| #ifdef HAVE_UNISTD_H
| # include <unistd.h>
| #endif
| #include <minix/config.h>
configure:3551: result: no
configure:3551: checking minix/config.h presence
configure:3551: gcc -E  conftest.c
conftest.c:19:26: fatal error: minix/config.h: No such file or directory
 #include <minix/config.h>
                          ^
compilation terminated.
configure:3551: $? = 1
configure: failed program was:
| /* confdefs.h */
| #define PACKAGE_NAME ""
| #define PACKAGE_TARNAME ""
| #define PACKAGE_VERSION ""
| #define PACKAGE_STRING ""
| #define PACKAGE_BUGREPORT ""
| #define PACKAGE_URL ""
| #define STDC_HEADERS 1
| #define HAVE_SYS_TYPES_H 1
| #define HAVE_SYS_STAT_H 1
| #define HAVE_STDLIB_H 1
| #define HAVE_STRING_H 1
| #define HAVE_MEMORY_H 1
| #define HAVE_STRINGS_H 1
| #define HAVE_INTTYPES_H 1
| #define HAVE_STDINT_H 1
| #define HAVE_UNISTD_H 1
| /* end confdefs.h.  */
| #include <minix/config.h>
configure:3551: result: no
configure:3551: checking for minix/config.h
configure:3551: result: no
configure:3572: checking whether it is safe to define __EXTENSIONS__
configure:3590: gcc -c -g -O2  conftest.c >&5
configure:3590: $? = 0
configure:3597: result: yes
configure:3612: checking for library containing strerror
configure:3643: gcc -o conftest -g -O2   conftest.c  >&5
configure:3643: $? = 0
configure:3660: result: none required
configure:3672: checking for gcc option to accept ANSI C
configure:3729: gcc  -c -g -O2  conftest.c >&5
configure:3729: $? = 0
configure:3739: result: none needed
configure:3757: checking for library containing crypt
configure:3788: gcc -o conftest -g -O3   conftest.c  >&5
/tmp/cckXaKtN.o: In function `main':
/home/irc/ircuh/config/conftest.c:35: undefined reference to `crypt'
collect2: error: ld returned 1 exit status
configure:3788: $? = 1
configure: failed program was:
| /* confdefs.h */
| #define PACKAGE_NAME ""
| #define PACKAGE_TARNAME ""
| #define PACKAGE_VERSION ""
| #define PACKAGE_STRING ""
| #define PACKAGE_BUGREPORT ""
| #define PACKAGE_URL ""
| #define STDC_HEADERS 1
| #define HAVE_SYS_TYPES_H 1
| #define HAVE_SYS_STAT_H 1
| #define HAVE_STDLIB_H 1
| #define HAVE_STRING_H 1
| #define HAVE_MEMORY_H 1
| #define HAVE_STRINGS_H 1
| #define HAVE_INTTYPES_H 1
| #define HAVE_STDINT_H 1
| #define HAVE_UNISTD_H 1
| #define __EXTENSIONS__ 1
| #define _ALL_SOURCE 1
| #define _GNU_SOURCE 1
| #define _POSIX_PTHREAD_SEMANTICS 1
| #define _TANDEM_SOURCE 1
| /* end confdefs.h.  */
| 
| /* Override any GCC internal prototype to avoid an error.
|    Use char because int might match the return type of a GCC
|    builtin and then its argument prototype would still apply.  */
| #ifdef __cplusplus
| extern "C"
| #endif
| char crypt ();
| int
| main ()
| {
| return crypt ();
|   ;
|   return 0;
| }
configure:3788: gcc -o conftest -g -O3   conftest.c -ldescrypt   >&5
/usr/bin/ld: cannot find -ldescrypt
collect2: error: ld returned 1 exit status
configure:3788: $? = 1
configure: failed program was:
| /* confdefs.h */
| #define PACKAGE_NAME ""
| #define PACKAGE_TARNAME ""
| #define PACKAGE_VERSION ""
| #define PACKAGE_STRING ""
| #define PACKAGE_BUGREPORT ""
| #define PACKAGE_URL ""
| #define STDC_HEADERS 1
| #define HAVE_SYS_TYPES_H 1
| #define HAVE_SYS_STAT_H 1
| #define HAVE_STDLIB_H 1
| #define HAVE_STRING_H 1
| #define HAVE_MEMORY_H 1
| #define HAVE_STRINGS_H 1
| #define HAVE_INTTYPES_H 1
| #define HAVE_STDINT_H 1
| #define HAVE_UNISTD_H 1
| #define __EXTENSIONS__ 1
| #define _ALL_SOURCE 1
| #define _GNU_SOURCE 1
| #define _POSIX_PTHREAD_SEMANTICS 1
| #define _TANDEM_SOURCE 1
| /* end confdefs.h.  */
| 
| /* Override any GCC internal prototype to avoid an error.
|    Use char because int might match the return type of a GCC
|    builtin and then its argument prototype would still apply.  */
| #ifdef __cplusplus
| extern "C"
| #endif
| char crypt ();
| int
| main ()
| {
| return crypt ();
|   ;
|   return 0;
| }
configure:3788: gcc -o conftest -g -O3   conftest.c -lcrypt   >&5
configure:3788: $? = 0
configure:3805: result: -lcrypt
configure:3816: checking for library containing clock_gettime
configure:3847: gcc -o conftest -g -O3   conftest.c -lcrypt  >&5
configure:3847: $? = 0
configure:3864: result: none required
configure:3878: checking for gethostbyname
configure:3878: gcc -o conftest -g -O3   conftest.c -lcrypt  >&5
configure:3878: $? = 0
configure:3878: result: yes
configure:4070: checking for socket
configure:4070: gcc -o conftest -g -O3   conftest.c -lcrypt  >&5
configure:4070: $? = 0
configure:4070: result: yes
configure:4162: checking for clock_gettime
configure:4162: gcc -o conftest -g -O3   conftest.c -lcrypt  >&5
configure:4162: $? = 0
configure:4162: result: yes
configure:4256: checking for library containing __res_mkquery
configure:4287: gcc -o conftest -g -O3   conftest.c -lcrypt  >&5
/tmp/ccw68KgH.o: In function `main':
/home/irc/ircuh/config/conftest.c:35: undefined reference to `__res_mkquery'
collect2: error: ld returned 1 exit status
configure:4287: $? = 1
configure: failed program was:
| /* confdefs.h */
| #define PACKAGE_NAME ""
| #define PACKAGE_TARNAME ""
| #define PACKAGE_VERSION ""
| #define PACKAGE_STRING ""
| #define PACKAGE_BUGREPORT ""
| #define PACKAGE_URL ""
| #define STDC_HEADERS 1
| #define HAVE_SYS_TYPES_H 1
| #define HAVE_SYS_STAT_H 1
| #define HAVE_STDLIB_H 1
| #define HAVE_STRING_H 1
| #define HAVE_MEMORY_H 1
| #define HAVE_STRINGS_H 1
| #define HAVE_INTTYPES_H 1
| #define HAVE_STDINT_H 1
| #define HAVE_UNISTD_H 1
| #define __EXTENSIONS__ 1
| #define _ALL_SOURCE 1
| #define _GNU_SOURCE 1
| #define _POSIX_PTHREAD_SEMANTICS 1
| #define _TANDEM_SOURCE 1
| /* end confdefs.h.  */
| 
| /* Override any GCC internal prototype to avoid an error.
|    Use char because int might match the return type of a GCC
|    builtin and then its argument prototype would still apply.  */
| #ifdef __cplusplus
| extern "C"
| #endif
| char __res_mkquery ();
| int
| main ()
| {
| return __res_mkquery ();
|   ;
|   return 0;
| }
configure:4287: gcc -o conftest -g -O3   conftest.c -lresolv  -lcrypt  >&5
configure:4287: $? = 0
configure:4304: result: -lresolv
configure:4372: checking for ANSI C header files
configure:4476: result: yes
configure:4484: checking for sys/wait.h that is POSIX.1 compatible
configure:4510: gcc -c -g -O3  conftest.c >&5
configure:4510: $? = 0
configure:4517: result: yes
configure:4528: checking malloc.h usability
configure:4528: gcc -c -g -O3  conftest.c >&5
configure:4528: $? = 0
configure:4528: result: yes
configure:4528: checking malloc.h presence
configure:4528: gcc -E  conftest.c
configure:4528: $? = 0
configure:4528: result: yes
configure:4528: checking for malloc.h
configure:4528: result: yes
configure:4528: checking sys/malloc.h usability
configure:4528: gcc -c -g -O3  conftest.c >&5
conftest.c:60:24: fatal error: sys/malloc.h: No such file or directory
 #include <sys/malloc.h>
                        ^
compilation terminated.
configure:4528: $? = 1
configure: failed program was:
| /* confdefs.h */
| #define PACKAGE_NAME ""
| #define PACKAGE_TARNAME ""
| #define PACKAGE_VERSION ""
| #define PACKAGE_STRING ""
| #define PACKAGE_BUGREPORT ""
| #define PACKAGE_URL ""
| #define STDC_HEADERS 1
| #define HAVE_SYS_TYPES_H 1
| #define HAVE_SYS_STAT_H 1
| #define HAVE_STDLIB_H 1
| #define HAVE_STRING_H 1
| #define HAVE_MEMORY_H 1
| #define HAVE_STRINGS_H 1
| #define HAVE_INTTYPES_H 1
| #define HAVE_STDINT_H 1
| #define HAVE_UNISTD_H 1
| #define __EXTENSIONS__ 1
| #define _ALL_SOURCE 1
| #define _GNU_SOURCE 1
| #define _POSIX_PTHREAD_SEMANTICS 1
| #define _TANDEM_SOURCE 1
| #define STDC_HEADERS 1
| #define HAVE_SYS_WAIT_H 1
| #define HAVE_MALLOC_H 1
| /* end confdefs.h.  */
| #include <stdio.h>
| #ifdef HAVE_SYS_TYPES_H
| # include <sys/types.h>
| #endif
| #ifdef HAVE_SYS_STAT_H
| # include <sys/stat.h>
| #endif
| #ifdef STDC_HEADERS
| # include <stdlib.h>
| # include <stddef.h>
| #else
| # ifdef HAVE_STDLIB_H
| #  include <stdlib.h>
| # endif
| #endif
| #ifdef HAVE_STRING_H
| # if !defined STDC_HEADERS && defined HAVE_MEMORY_H
| #  include <memory.h>
| # endif
| # include <string.h>
| #endif
| #ifdef HAVE_STRINGS_H
| # include <strings.h>
| #endif
| #ifdef HAVE_INTTYPES_H
| # include <inttypes.h>
| #endif
| #ifdef HAVE_STDINT_H
| # include <stdint.h>
| #endif
| #ifdef HAVE_UNISTD_H
| # include <unistd.h>
| #endif
| #include <sys/malloc.h>
configure:4528: result: no
configure:4528: checking sys/malloc.h presence
configure:4528: gcc -E  conftest.c
conftest.c:27:24: fatal error: sys/malloc.h: No such file or directory
 #include <sys/malloc.h>
                        ^
compilation terminated.
configure:4528: $? = 1
configure: failed program was:
| /* confdefs.h */
| #define PACKAGE_NAME ""
| #define PACKAGE_TARNAME ""
| #define PACKAGE_VERSION ""
| #define PACKAGE_STRING ""
| #define PACKAGE_BUGREPORT ""
| #define PACKAGE_URL ""
| #define STDC_HEADERS 1
| #define HAVE_SYS_TYPES_H 1
| #define HAVE_SYS_STAT_H 1
| #define HAVE_STDLIB_H 1
| #define HAVE_STRING_H 1
| #define HAVE_MEMORY_H 1
| #define HAVE_STRINGS_H 1
| #define HAVE_INTTYPES_H 1
| #define HAVE_STDINT_H 1
| #define HAVE_UNISTD_H 1
| #define __EXTENSIONS__ 1
| #define _ALL_SOURCE 1
| #define _GNU_SOURCE 1
| #define _POSIX_PTHREAD_SEMANTICS 1
| #define _TANDEM_SOURCE 1
| #define STDC_HEADERS 1
| #define HAVE_SYS_WAIT_H 1
| #define HAVE_MALLOC_H 1
| /* end confdefs.h.  */
| #include <sys/malloc.h>
configure:4528: result: no
configure:4528: checking for sys/malloc.h
configure:4528: result: no
configure:4528: checking fcntl.h usability
configure:4528: gcc -c -g -O3  conftest.c >&5
configure:4528: $? = 0
configure:4528: result: yes
configure:4528: checking fcntl.h presence
configure:4528: gcc -E  conftest.c
configure:4528: $? = 0
configure:4528: result: yes
configure:4528: checking for fcntl.h
configure:4528: result: yes
configure:4528: checking for string.h
configure:4528: result: yes
configure:4528: checking for strings.h
configure:4528: result: yes
configure:4528: checking sys/file.h usability
configure:4528: gcc -c -g -O3  conftest.c >&5
configure:4528: $? = 0
configure:4528: result: yes
configure:4528: checking sys/file.h presence
configure:4528: gcc -E  conftest.c
configure:4528: $? = 0
configure:4528: result: yes
configure:4528: checking for sys/file.h
configure:4528: result: yes
configure:4528: checking sys/ioctl.h usability
configure:4528: gcc -c -g -O3  conftest.c >&5
configure:4528: $? = 0
configure:4528: result: yes
configure:4528: checking sys/ioctl.h presence
configure:4528: gcc -E  conftest.c
configure:4528: $? = 0
configure:4528: result: yes
configure:4528: checking for sys/ioctl.h
configure:4528: result: yes
configure:4528: checking sys/time.h usability
configure:4528: gcc -c -g -O3  conftest.c >&5
configure:4528: $? = 0
configure:4528: result: yes
configure:4528: checking sys/time.h presence
configure:4528: gcc -E  conftest.c
configure:4528: $? = 0
configure:4528: result: yes
configure:4528: checking for sys/time.h
configure:4528: result: yes
configure:4528: checking syslog.h usability
configure:4528: gcc -c -g -O3  conftest.c >&5
configure:4528: $? = 0
configure:4528: result: yes
configure:4528: checking syslog.h presence
configure:4528: gcc -E  conftest.c
configure:4528: $? = 0
configure:4528: result: yes
configure:4528: checking for syslog.h
configure:4528: result: yes
configure:4528: checking for unistd.h
configure:4528: result: yes
configure:4528: checking for memory.h
configure:4528: result: yes
configure:4528: checking errno.h usability
configure:4528: gcc -c -g -O3  conftest.c >&5
configure:4528: $? = 0
configure:4528: result: yes
configure:4528: checking errno.h presence
configure:4528: gcc -E  conftest.c
configure:4528: $? = 0
configure:4528: result: yes
configure:4528: checking for errno.h
configure:4528: result: yes
configure:4528: checking net/errno.h usability
configure:4528: gcc -c -g -O3  conftest.c >&5
conftest.c:70:23: fatal error: net/errno.h: No such file or directory
 #include <net/errno.h>
                       ^
compilation terminated.
configure:4528: $? = 1
configure: failed program was:
| /* confdefs.h */
| #define PACKAGE_NAME ""
| #define PACKAGE_TARNAME ""
| #define PACKAGE_VERSION ""
| #define PACKAGE_STRING ""
| #define PACKAGE_BUGREPORT ""
| #define PACKAGE_URL ""
| #define STDC_HEADERS 1
| #define HAVE_SYS_TYPES_H 1
| #define HAVE_SYS_STAT_H 1
| #define HAVE_STDLIB_H 1
| #define HAVE_STRING_H 1
| #define HAVE_MEMORY_H 1
| #define HAVE_STRINGS_H 1
| #define HAVE_INTTYPES_H 1
| #define HAVE_STDINT_H 1
| #define HAVE_UNISTD_H 1
| #define __EXTENSIONS__ 1
| #define _ALL_SOURCE 1
| #define _GNU_SOURCE 1
| #define _POSIX_PTHREAD_SEMANTICS 1
| #define _TANDEM_SOURCE 1
| #define STDC_HEADERS 1
| #define HAVE_SYS_WAIT_H 1
| #define HAVE_MALLOC_H 1
| #define HAVE_FCNTL_H 1
| #define HAVE_STRING_H 1
| #define HAVE_STRINGS_H 1
| #define HAVE_SYS_FILE_H 1
| #define HAVE_SYS_IOCTL_H 1
| #define HAVE_SYS_TIME_H 1
| #define HAVE_SYSLOG_H 1
| #define HAVE_UNISTD_H 1
| #define HAVE_MEMORY_H 1
| #define HAVE_ERRNO_H 1
| /* end confdefs.h.  */
| #include <stdio.h>
| #ifdef HAVE_SYS_TYPES_H
| # include <sys/types.h>
| #endif
| #ifdef HAVE_SYS_STAT_H
| # include <sys/stat.h>
| #endif
| #ifdef STDC_HEADERS
| # include <stdlib.h>
| # include <stddef.h>
| #else
| # ifdef HAVE_STDLIB_H
| #  include <stdlib.h>
| # endif
| #endif
| #ifdef HAVE_STRING_H
| # if !defined STDC_HEADERS && defined HAVE_MEMORY_H
| #  include <memory.h>
| # endif
| # include <string.h>
| #endif
| #ifdef HAVE_STRINGS_H
| # include <strings.h>
| #endif
| #ifdef HAVE_INTTYPES_H
| # include <inttypes.h>
| #endif
| #ifdef HAVE_STDINT_H
| # include <stdint.h>
| #endif
| #ifdef HAVE_UNISTD_H
| # include <unistd.h>
| #endif
| #include <net/errno.h>
configure:4528: result: no
configure:4528: checking net/errno.h presence
configure:4528: gcc -E  conftest.c
conftest.c:37:23: fatal error: net/errno.h: No such file or directory
 #include <net/errno.h>
                       ^
compilation terminated.
configure:4528: $? = 1
configure: failed program was:
| /* confdefs.h */
| #define PACKAGE_NAME ""
| #define PACKAGE_TARNAME ""
| #define PACKAGE_VERSION ""
| #define PACKAGE_STRING ""
| #define PACKAGE_BUGREPORT ""
| #define PACKAGE_URL ""
| #define STDC_HEADERS 1
| #define HAVE_SYS_TYPES_H 1
| #define HAVE_SYS_STAT_H 1
| #define HAVE_STDLIB_H 1
| #define HAVE_STRING_H 1
| #define HAVE_MEMORY_H 1
| #define HAVE_STRINGS_H 1
| #define HAVE_INTTYPES_H 1
| #define HAVE_STDINT_H 1
| #define HAVE_UNISTD_H 1
| #define __EXTENSIONS__ 1
| #define _ALL_SOURCE 1
| #define _GNU_SOURCE 1
| #define _POSIX_PTHREAD_SEMANTICS 1
| #define _TANDEM_SOURCE 1
| #define STDC_HEADERS 1
| #define HAVE_SYS_WAIT_H 1
| #define HAVE_MALLOC_H 1
| #define HAVE_FCNTL_H 1
| #define HAVE_STRING_H 1
| #define HAVE_STRINGS_H 1
| #define HAVE_SYS_FILE_H 1
| #define HAVE_SYS_IOCTL_H 1
| #define HAVE_SYS_TIME_H 1
| #define HAVE_SYSLOG_H 1
| #define HAVE_UNISTD_H 1
| #define HAVE_MEMORY_H 1
| #define HAVE_ERRNO_H 1
| /* end confdefs.h.  */
| #include <net/errno.h>
configure:4528: result: no
configure:4528: checking for net/errno.h
configure:4528: result: no
configure:4528: checking sys/cdefs.h usability
configure:4528: gcc -c -g -O3  conftest.c >&5
configure:4528: $? = 0
configure:4528: result: yes
configure:4528: checking sys/cdefs.h presence
configure:4528: gcc -E  conftest.c
configure:4528: $? = 0
configure:4528: result: yes
configure:4528: checking for sys/cdefs.h
configure:4528: result: yes
configure:4539: checking for an ANSI C-conforming const
configure:4605: gcc -c -g -O3  conftest.c >&5
configure:4605: $? = 0
configure:4612: result: yes
configure:4620: checking whether byte ordering is bigendian
configure:4635: gcc -c -g -O3  conftest.c >&5
conftest.c:39:9: error: unknown type name 'not'
         not a universal capable compiler
         ^~~
conftest.c:39:15: error: expected '=', ',', ';', 'asm' or '__attribute__' before 'universal'
         not a universal capable compiler
               ^~~~~~~~~
conftest.c:39:15: error: unknown type name 'universal'
configure:4635: $? = 1
configure: failed program was:
| /* confdefs.h */
| #define PACKAGE_NAME ""
| #define PACKAGE_TARNAME ""
| #define PACKAGE_VERSION ""
| #define PACKAGE_STRING ""
| #define PACKAGE_BUGREPORT ""
| #define PACKAGE_URL ""
| #define STDC_HEADERS 1
| #define HAVE_SYS_TYPES_H 1
| #define HAVE_SYS_STAT_H 1
| #define HAVE_STDLIB_H 1
| #define HAVE_STRING_H 1
| #define HAVE_MEMORY_H 1
| #define HAVE_STRINGS_H 1
| #define HAVE_INTTYPES_H 1
| #define HAVE_STDINT_H 1
| #define HAVE_UNISTD_H 1
| #define __EXTENSIONS__ 1
| #define _ALL_SOURCE 1
| #define _GNU_SOURCE 1
| #define _POSIX_PTHREAD_SEMANTICS 1
| #define _TANDEM_SOURCE 1
| #define STDC_HEADERS 1
| #define HAVE_SYS_WAIT_H 1
| #define HAVE_MALLOC_H 1
| #define HAVE_FCNTL_H 1
| #define HAVE_STRING_H 1
| #define HAVE_STRINGS_H 1
| #define HAVE_SYS_FILE_H 1
| #define HAVE_SYS_IOCTL_H 1
| #define HAVE_SYS_TIME_H 1
| #define HAVE_SYSLOG_H 1
| #define HAVE_UNISTD_H 1
| #define HAVE_MEMORY_H 1
| #define HAVE_ERRNO_H 1
| #define HAVE_SYS_CDEFS_H 1
| /* end confdefs.h.  */
| #ifndef __APPLE_CC__
| 	       not a universal capable compiler
| 	     #endif
| 	     typedef int dummy;
| 
configure:4680: gcc -c -g -O3  conftest.c >&5
configure:4680: $? = 0
configure:4698: gcc -c -g -O3  conftest.c >&5
conftest.c: In function 'main':
conftest.c:45:4: error: unknown type name 'not'
    not big endian
    ^~~
conftest.c:45:12: error: expected '=', ',', ';', 'asm' or '__attribute__' before 'endian'
    not big endian
            ^~~~~~
configure:4698: $? = 1
configure: failed program was:
| /* confdefs.h */
| #define PACKAGE_NAME ""
| #define PACKAGE_TARNAME ""
| #define PACKAGE_VERSION ""
| #define PACKAGE_STRING ""
| #define PACKAGE_BUGREPORT ""
| #define PACKAGE_URL ""
| #define STDC_HEADERS 1
| #define HAVE_SYS_TYPES_H 1
| #define HAVE_SYS_STAT_H 1
| #define HAVE_STDLIB_H 1
| #define HAVE_STRING_H 1
| #define HAVE_MEMORY_H 1
| #define HAVE_STRINGS_H 1
| #define HAVE_INTTYPES_H 1
| #define HAVE_STDINT_H 1
| #define HAVE_UNISTD_H 1
| #define __EXTENSIONS__ 1
| #define _ALL_SOURCE 1
| #define _GNU_SOURCE 1
| #define _POSIX_PTHREAD_SEMANTICS 1
| #define _TANDEM_SOURCE 1
| #define STDC_HEADERS 1
| #define HAVE_SYS_WAIT_H 1
| #define HAVE_MALLOC_H 1
| #define HAVE_FCNTL_H 1
| #define HAVE_STRING_H 1
| #define HAVE_STRINGS_H 1
| #define HAVE_SYS_FILE_H 1
| #define HAVE_SYS_IOCTL_H 1
| #define HAVE_SYS_TIME_H 1
| #define HAVE_SYSLOG_H 1
| #define HAVE_UNISTD_H 1
| #define HAVE_MEMORY_H 1
| #define HAVE_ERRNO_H 1
| #define HAVE_SYS_CDEFS_H 1
| /* end confdefs.h.  */
| #include <sys/types.h>
| 		#include <sys/param.h>
| 
| int
| main ()
| {
| #if BYTE_ORDER != BIG_ENDIAN
| 		 not big endian
| 		#endif
| 
|   ;
|   return 0;
| }
configure:4826: result: no
configure:4844: checking for size_t
configure:4844: gcc -c -g -O3  conftest.c >&5
configure:4844: $? = 0
configure:4844: gcc -c -g -O3  conftest.c >&5
conftest.c: In function 'main':
conftest.c:74:21: error: expected expression before ')' token
 if (sizeof ((size_t)))
                     ^
configure:4844: $? = 1
configure: failed program was:
| /* confdefs.h */
| #define PACKAGE_NAME ""
| #define PACKAGE_TARNAME ""
| #define PACKAGE_VERSION ""
| #define PACKAGE_STRING ""
| #define PACKAGE_BUGREPORT ""
| #define PACKAGE_URL ""
| #define STDC_HEADERS 1
| #define HAVE_SYS_TYPES_H 1
| #define HAVE_SYS_STAT_H 1
| #define HAVE_STDLIB_H 1
| #define HAVE_STRING_H 1
| #define HAVE_MEMORY_H 1
| #define HAVE_STRINGS_H 1
| #define HAVE_INTTYPES_H 1
| #define HAVE_STDINT_H 1
| #define HAVE_UNISTD_H 1
| #define __EXTENSIONS__ 1
| #define _ALL_SOURCE 1
| #define _GNU_SOURCE 1
| #define _POSIX_PTHREAD_SEMANTICS 1
| #define _TANDEM_SOURCE 1
| #define STDC_HEADERS 1
| #define HAVE_SYS_WAIT_H 1
| #define HAVE_MALLOC_H 1
| #define HAVE_FCNTL_H 1
| #define HAVE_STRING_H 1
| #define HAVE_STRINGS_H 1
| #define HAVE_SYS_FILE_H 1
| #define HAVE_SYS_IOCTL_H 1
| #define HAVE_SYS_TIME_H 1
| #define HAVE_SYSLOG_H 1
| #define HAVE_UNISTD_H 1
| #define HAVE_MEMORY_H 1
| #define HAVE_ERRNO_H 1
| #define HAVE_SYS_CDEFS_H 1
| /* end confdefs.h.  */
| #include <stdio.h>
| #ifdef HAVE_SYS_TYPES_H
| # include <sys/types.h>
| #endif
| #ifdef HAVE_SYS_STAT_H
| # include <sys/stat.h>
| #endif
| #ifdef STDC_HEADERS
| # include <stdlib.h>
| # include <stddef.h>
| #else
| # ifdef HAVE_STDLIB_H
| #  include <stdlib.h>
| # endif
| #endif
| #ifdef HAVE_STRING_H
| # if !defined STDC_HEADERS && defined HAVE_MEMORY_H
| #  include <memory.h>
| # endif
| # include <string.h>
| #endif
| #ifdef HAVE_STRINGS_H
| # include <strings.h>
| #endif
| #ifdef HAVE_INTTYPES_H
| # include <inttypes.h>
| #endif
| #ifdef HAVE_STDINT_H
| # include <stdint.h>
| #endif
| #ifdef HAVE_UNISTD_H
| # include <unistd.h>
| #endif
| int
| main ()
| {
| if (sizeof ((size_t)))
| 	    return 0;
|   ;
|   return 0;
| }
configure:4844: result: yes
configure:4855: checking whether time.h and sys/time.h may both be included
configure:4875: gcc -c -g -O3  conftest.c >&5
configure:4875: $? = 0
configure:4882: result: yes
configure:4890: checking whether struct tm is in sys/time.h or time.h
configure:4910: gcc -c -g -O3  conftest.c >&5
configure:4910: $? = 0
configure:4917: result: time.h
configure:4925: checking for uid_t in sys/types.h
configure:4944: result: yes
configure:4959: checking size of short
configure:4964: gcc -o conftest -g -O3   conftest.c -lresolv -lcrypt  >&5
configure:4964: $? = 0
configure:4964: ./conftest
configure:4964: $? = 0
configure:4978: result: 2
configure:4992: checking size of int
configure:4997: gcc -o conftest -g -O3   conftest.c -lresolv -lcrypt  >&5
configure:4997: $? = 0
configure:4997: ./conftest
configure:4997: $? = 0
configure:5011: result: 4
configure:5025: checking size of long
configure:5030: gcc -o conftest -g -O3   conftest.c -lresolv -lcrypt  >&5
configure:5030: $? = 0
configure:5030: ./conftest
configure:5030: $? = 0
configure:5044: result: 8
configure:5078: checking for int16_t
configure:5078: gcc -c -g -O3  conftest.c >&5
configure:5078: $? = 0
configure:5078: gcc -c -g -O3  conftest.c >&5
conftest.c: In function 'main':
conftest.c:78:22: error: expected expression before ')' token
 if (sizeof ((int16_t)))
                      ^
configure:5078: $? = 1
configure: failed program was:
| /* confdefs.h */
| #define PACKAGE_NAME ""
| #define PACKAGE_TARNAME ""
| #define PACKAGE_VERSION ""
| #define PACKAGE_STRING ""
| #define PACKAGE_BUGREPORT ""
| #define PACKAGE_URL ""
| #define STDC_HEADERS 1
| #define HAVE_SYS_TYPES_H 1
| #define HAVE_SYS_STAT_H 1
| #define HAVE_STDLIB_H 1
| #define HAVE_STRING_H 1
| #define HAVE_MEMORY_H 1
| #define HAVE_STRINGS_H 1
| #define HAVE_INTTYPES_H 1
| #define HAVE_STDINT_H 1
| #define HAVE_UNISTD_H 1
| #define __EXTENSIONS__ 1
| #define _ALL_SOURCE 1
| #define _GNU_SOURCE 1
| #define _POSIX_PTHREAD_SEMANTICS 1
| #define _TANDEM_SOURCE 1
| #define STDC_HEADERS 1
| #define HAVE_SYS_WAIT_H 1
| #define HAVE_MALLOC_H 1
| #define HAVE_FCNTL_H 1
| #define HAVE_STRING_H 1
| #define HAVE_STRINGS_H 1
| #define HAVE_SYS_FILE_H 1
| #define HAVE_SYS_IOCTL_H 1
| #define HAVE_SYS_TIME_H 1
| #define HAVE_SYSLOG_H 1
| #define HAVE_UNISTD_H 1
| #define HAVE_MEMORY_H 1
| #define HAVE_ERRNO_H 1
| #define HAVE_SYS_CDEFS_H 1
| #define TIME_WITH_SYS_TIME 1
| #define SIZEOF_SHORT 2
| #define SIZEOF_INT 4
| #define SIZEOF_LONG 8
| /* end confdefs.h.  */
| #include <stdio.h>
| #ifdef HAVE_SYS_TYPES_H
| # include <sys/types.h>
| #endif
| #ifdef HAVE_SYS_STAT_H
| # include <sys/stat.h>
| #endif
| #ifdef STDC_HEADERS
| # include <stdlib.h>
| # include <stddef.h>
| #else
| # ifdef HAVE_STDLIB_H
| #  include <stdlib.h>
| # endif
| #endif
| #ifdef HAVE_STRING_H
| # if !defined STDC_HEADERS && defined HAVE_MEMORY_H
| #  include <memory.h>
| # endif
| # include <string.h>
| #endif
| #ifdef HAVE_STRINGS_H
| # include <strings.h>
| #endif
| #ifdef HAVE_INTTYPES_H
| # include <inttypes.h>
| #endif
| #ifdef HAVE_STDINT_H
| # include <stdint.h>
| #endif
| #ifdef HAVE_UNISTD_H
| # include <unistd.h>
| #endif
| int
| main ()
| {
| if (sizeof ((int16_t)))
| 	    return 0;
|   ;
|   return 0;
| }
configure:5078: result: yes
configure:5089: checking for u_int16_t
configure:5089: gcc -c -g -O3  conftest.c >&5
configure:5089: $? = 0
configure:5089: gcc -c -g -O3  conftest.c >&5
conftest.c: In function 'main':
conftest.c:78:24: error: expected expression before ')' token
 if (sizeof ((u_int16_t)))
                        ^
configure:5089: $? = 1
configure: failed program was:
| /* confdefs.h */
| #define PACKAGE_NAME ""
| #define PACKAGE_TARNAME ""
| #define PACKAGE_VERSION ""
| #define PACKAGE_STRING ""
| #define PACKAGE_BUGREPORT ""
| #define PACKAGE_URL ""
| #define STDC_HEADERS 1
| #define HAVE_SYS_TYPES_H 1
| #define HAVE_SYS_STAT_H 1
| #define HAVE_STDLIB_H 1
| #define HAVE_STRING_H 1
| #define HAVE_MEMORY_H 1
| #define HAVE_STRINGS_H 1
| #define HAVE_INTTYPES_H 1
| #define HAVE_STDINT_H 1
| #define HAVE_UNISTD_H 1
| #define __EXTENSIONS__ 1
| #define _ALL_SOURCE 1
| #define _GNU_SOURCE 1
| #define _POSIX_PTHREAD_SEMANTICS 1
| #define _TANDEM_SOURCE 1
| #define STDC_HEADERS 1
| #define HAVE_SYS_WAIT_H 1
| #define HAVE_MALLOC_H 1
| #define HAVE_FCNTL_H 1
| #define HAVE_STRING_H 1
| #define HAVE_STRINGS_H 1
| #define HAVE_SYS_FILE_H 1
| #define HAVE_SYS_IOCTL_H 1
| #define HAVE_SYS_TIME_H 1
| #define HAVE_SYSLOG_H 1
| #define HAVE_UNISTD_H 1
| #define HAVE_MEMORY_H 1
| #define HAVE_ERRNO_H 1
| #define HAVE_SYS_CDEFS_H 1
| #define TIME_WITH_SYS_TIME 1
| #define SIZEOF_SHORT 2
| #define SIZEOF_INT 4
| #define SIZEOF_LONG 8
| /* end confdefs.h.  */
| #include <stdio.h>
| #ifdef HAVE_SYS_TYPES_H
| # include <sys/types.h>
| #endif
| #ifdef HAVE_SYS_STAT_H
| # include <sys/stat.h>
| #endif
| #ifdef STDC_HEADERS
| # include <stdlib.h>
| # include <stddef.h>
| #else
| # ifdef HAVE_STDLIB_H
| #  include <stdlib.h>
| # endif
| #endif
| #ifdef HAVE_STRING_H
| # if !defined STDC_HEADERS && defined HAVE_MEMORY_H
| #  include <memory.h>
| # endif
| # include <string.h>
| #endif
| #ifdef HAVE_STRINGS_H
| # include <strings.h>
| #endif
| #ifdef HAVE_INTTYPES_H
| # include <inttypes.h>
| #endif
| #ifdef HAVE_STDINT_H
| # include <stdint.h>
| #endif
| #ifdef HAVE_UNISTD_H
| # include <unistd.h>
| #endif
| int
| main ()
| {
| if (sizeof ((u_int16_t)))
| 	    return 0;
|   ;
|   return 0;
| }
configure:5089: result: yes
configure:5104: checking for int32_t
configure:5104: gcc -c -g -O3  conftest.c >&5
configure:5104: $? = 0
configure:5104: gcc -c -g -O3  conftest.c >&5
conftest.c: In function 'main':
conftest.c:78:22: error: expected expression before ')' token
 if (sizeof ((int32_t)))
                      ^
configure:5104: $? = 1
configure: failed program was:
| /* confdefs.h */
| #define PACKAGE_NAME ""
| #define PACKAGE_TARNAME ""
| #define PACKAGE_VERSION ""
| #define PACKAGE_STRING ""
| #define PACKAGE_BUGREPORT ""
| #define PACKAGE_URL ""
| #define STDC_HEADERS 1
| #define HAVE_SYS_TYPES_H 1
| #define HAVE_SYS_STAT_H 1
| #define HAVE_STDLIB_H 1
| #define HAVE_STRING_H 1
| #define HAVE_MEMORY_H 1
| #define HAVE_STRINGS_H 1
| #define HAVE_INTTYPES_H 1
| #define HAVE_STDINT_H 1
| #define HAVE_UNISTD_H 1
| #define __EXTENSIONS__ 1
| #define _ALL_SOURCE 1
| #define _GNU_SOURCE 1
| #define _POSIX_PTHREAD_SEMANTICS 1
| #define _TANDEM_SOURCE 1
| #define STDC_HEADERS 1
| #define HAVE_SYS_WAIT_H 1
| #define HAVE_MALLOC_H 1
| #define HAVE_FCNTL_H 1
| #define HAVE_STRING_H 1
| #define HAVE_STRINGS_H 1
| #define HAVE_SYS_FILE_H 1
| #define HAVE_SYS_IOCTL_H 1
| #define HAVE_SYS_TIME_H 1
| #define HAVE_SYSLOG_H 1
| #define HAVE_UNISTD_H 1
| #define HAVE_MEMORY_H 1
| #define HAVE_ERRNO_H 1
| #define HAVE_SYS_CDEFS_H 1
| #define TIME_WITH_SYS_TIME 1
| #define SIZEOF_SHORT 2
| #define SIZEOF_INT 4
| #define SIZEOF_LONG 8
| /* end confdefs.h.  */
| #include <stdio.h>
| #ifdef HAVE_SYS_TYPES_H
| # include <sys/types.h>
| #endif
| #ifdef HAVE_SYS_STAT_H
| # include <sys/stat.h>
| #endif
| #ifdef STDC_HEADERS
| # include <stdlib.h>
| # include <stddef.h>
| #else
| # ifdef HAVE_STDLIB_H
| #  include <stdlib.h>
| # endif
| #endif
| #ifdef HAVE_STRING_H
| # if !defined STDC_HEADERS && defined HAVE_MEMORY_H
| #  include <memory.h>
| # endif
| # include <string.h>
| #endif
| #ifdef HAVE_STRINGS_H
| # include <strings.h>
| #endif
| #ifdef HAVE_INTTYPES_H
| # include <inttypes.h>
| #endif
| #ifdef HAVE_STDINT_H
| # include <stdint.h>
| #endif
| #ifdef HAVE_UNISTD_H
| # include <unistd.h>
| #endif
| int
| main ()
| {
| if (sizeof ((int32_t)))
| 	    return 0;
|   ;
|   return 0;
| }
configure:5104: result: yes
configure:5115: checking for u_int32_t
configure:5115: gcc -c -g -O3  conftest.c >&5
configure:5115: $? = 0
configure:5115: gcc -c -g -O3  conftest.c >&5
conftest.c: In function 'main':
conftest.c:78:24: error: expected expression before ')' token
 if (sizeof ((u_int32_t)))
                        ^
configure:5115: $? = 1
configure: failed program was:
| /* confdefs.h */
| #define PACKAGE_NAME ""
| #define PACKAGE_TARNAME ""
| #define PACKAGE_VERSION ""
| #define PACKAGE_STRING ""
| #define PACKAGE_BUGREPORT ""
| #define PACKAGE_URL ""
| #define STDC_HEADERS 1
| #define HAVE_SYS_TYPES_H 1
| #define HAVE_SYS_STAT_H 1
| #define HAVE_STDLIB_H 1
| #define HAVE_STRING_H 1
| #define HAVE_MEMORY_H 1
| #define HAVE_STRINGS_H 1
| #define HAVE_INTTYPES_H 1
| #define HAVE_STDINT_H 1
| #define HAVE_UNISTD_H 1
| #define __EXTENSIONS__ 1
| #define _ALL_SOURCE 1
| #define _GNU_SOURCE 1
| #define _POSIX_PTHREAD_SEMANTICS 1
| #define _TANDEM_SOURCE 1
| #define STDC_HEADERS 1
| #define HAVE_SYS_WAIT_H 1
| #define HAVE_MALLOC_H 1
| #define HAVE_FCNTL_H 1
| #define HAVE_STRING_H 1
| #define HAVE_STRINGS_H 1
| #define HAVE_SYS_FILE_H 1
| #define HAVE_SYS_IOCTL_H 1
| #define HAVE_SYS_TIME_H 1
| #define HAVE_SYSLOG_H 1
| #define HAVE_UNISTD_H 1
| #define HAVE_MEMORY_H 1
| #define HAVE_ERRNO_H 1
| #define HAVE_SYS_CDEFS_H 1
| #define TIME_WITH_SYS_TIME 1
| #define SIZEOF_SHORT 2
| #define SIZEOF_INT 4
| #define SIZEOF_LONG 8
| /* end confdefs.h.  */
| #include <stdio.h>
| #ifdef HAVE_SYS_TYPES_H
| # include <sys/types.h>
| #endif
| #ifdef HAVE_SYS_STAT_H
| # include <sys/stat.h>
| #endif
| #ifdef STDC_HEADERS
| # include <stdlib.h>
| # include <stddef.h>
| #else
| # ifdef HAVE_STDLIB_H
| #  include <stdlib.h>
| # endif
| #endif
| #ifdef HAVE_STRING_H
| # if !defined STDC_HEADERS && defined HAVE_MEMORY_H
| #  include <memory.h>
| # endif
| # include <string.h>
| #endif
| #ifdef HAVE_STRINGS_H
| # include <strings.h>
| #endif
| #ifdef HAVE_INTTYPES_H
| # include <inttypes.h>
| #endif
| #ifdef HAVE_STDINT_H
| # include <stdint.h>
| #endif
| #ifdef HAVE_UNISTD_H
| # include <unistd.h>
| #endif
| int
| main ()
| {
| if (sizeof ((u_int32_t)))
| 	    return 0;
|   ;
|   return 0;
| }
configure:5115: result: yes
configure:5180: checking size of size_t
configure:5185: gcc -o conftest -g -O3   conftest.c -lresolv -lcrypt  >&5
configure:5185: $? = 0
configure:5185: ./conftest
configure:5185: $? = 0
configure:5199: result: 8
configure:5208: checking printf format of size_t
configure:5216: result: "%lu"
configure:5221: checking size of time_t
configure:5241: gcc -o conftest -g -O3   conftest.c -lresolv -lcrypt  >&5
conftest.c:46:1: warning: return type defaults to 'int' [-Wimplicit-int]
 main()
 ^~~~
conftest.c: In function 'main':
conftest.c:49:11: warning: implicit declaration of function 'exit' [-Wimplicit-function-declaration]
   if (!f) exit(1);
           ^~~~
conftest.c:49:11: warning: incompatible implicit declaration of built-in function 'exit'
conftest.c:49:11: note: include '<stdlib.h>' or provide a declaration of 'exit'
conftest.c:51:3: warning: incompatible implicit declaration of built-in function 'exit'
   exit(0);
   ^~~~
conftest.c:51:3: note: include '<stdlib.h>' or provide a declaration of 'exit'
configure:5241: $? = 0
configure:5241: ./conftest
configure:5241: $? = 0
configure:5260: result: 8
configure:5262: checking printf format of time_t
configure:5265: result: "%lu"
configure:5282: checking whether gcc needs -traditional
configure:5316: result: no
configure:5323: checking for working memcmp
configure:5366: gcc -o conftest -g -O3   conftest.c -lresolv -lcrypt  >&5
configure:5366: $? = 0
configure:5366: ./conftest
configure:5366: $? = 0
configure:5376: result: yes
configure:5392: checking return type of signal handlers
configure:5410: gcc -c -g -O3  conftest.c >&5
conftest.c: In function 'main':
conftest.c:52:10: error: void value not ignored as it ought to be
 return *(signal (0, 0)) (0) == 1;
         ~^~~~~~~~~~~~~~~~~~
configure:5410: $? = 1
configure: failed program was:
| /* confdefs.h */
| #define PACKAGE_NAME ""
| #define PACKAGE_TARNAME ""
| #define PACKAGE_VERSION ""
| #define PACKAGE_STRING ""
| #define PACKAGE_BUGREPORT ""
| #define PACKAGE_URL ""
| #define STDC_HEADERS 1
| #define HAVE_SYS_TYPES_H 1
| #define HAVE_SYS_STAT_H 1
| #define HAVE_STDLIB_H 1
| #define HAVE_STRING_H 1
| #define HAVE_MEMORY_H 1
| #define HAVE_STRINGS_H 1
| #define HAVE_INTTYPES_H 1
| #define HAVE_STDINT_H 1
| #define HAVE_UNISTD_H 1
| #define __EXTENSIONS__ 1
| #define _ALL_SOURCE 1
| #define _GNU_SOURCE 1
| #define _POSIX_PTHREAD_SEMANTICS 1
| #define _TANDEM_SOURCE 1
| #define STDC_HEADERS 1
| #define HAVE_SYS_WAIT_H 1
| #define HAVE_MALLOC_H 1
| #define HAVE_FCNTL_H 1
| #define HAVE_STRING_H 1
| #define HAVE_STRINGS_H 1
| #define HAVE_SYS_FILE_H 1
| #define HAVE_SYS_IOCTL_H 1
| #define HAVE_SYS_TIME_H 1
| #define HAVE_SYSLOG_H 1
| #define HAVE_UNISTD_H 1
| #define HAVE_MEMORY_H 1
| #define HAVE_ERRNO_H 1
| #define HAVE_SYS_CDEFS_H 1
| #define TIME_WITH_SYS_TIME 1
| #define SIZEOF_SHORT 2
| #define SIZEOF_INT 4
| #define SIZEOF_LONG 8
| #define SIZEOF_SIZE_T 8
| #define SIZE_T_FMT "%lu"
| #define TIME_T_FMT "%lu"
| #define STIME_T_FMT "%ld"
| /* end confdefs.h.  */
| #include <sys/types.h>
| #include <signal.h>
| 
| int
| main ()
| {
| return *(signal (0, 0)) (0) == 1;
|   ;
|   return 0;
| }
configure:5417: result: void
configure:5427: checking for vprintf
configure:5427: gcc -o conftest -g -O3   conftest.c -lresolv -lcrypt  >&5
conftest.c:70:6: warning: conflicting types for built-in function 'vprintf'
 char vprintf ();
      ^~~~~~~
configure:5427: $? = 0
configure:5427: result: yes
configure:5433: checking for _doprnt
configure:5433: gcc -o conftest -g -O3   conftest.c -lresolv -lcrypt  >&5
/tmp/ccm0oNeF.o: In function `main':
/home/irc/ircuh/config/conftest.c:82: undefined reference to `_doprnt'
collect2: error: ld returned 1 exit status
configure:5433: $? = 1
configure: failed program was:
| /* confdefs.h */
| #define PACKAGE_NAME ""
| #define PACKAGE_TARNAME ""
| #define PACKAGE_VERSION ""
| #define PACKAGE_STRING ""
| #define PACKAGE_BUGREPORT ""
| #define PACKAGE_URL ""
| #define STDC_HEADERS 1
| #define HAVE_SYS_TYPES_H 1
| #define HAVE_SYS_STAT_H 1
| #define HAVE_STDLIB_H 1
| #define HAVE_STRING_H 1
| #define HAVE_MEMORY_H 1
| #define HAVE_STRINGS_H 1
| #define HAVE_INTTYPES_H 1
| #define HAVE_STDINT_H 1
| #define HAVE_UNISTD_H 1
| #define __EXTENSIONS__ 1
| #define _ALL_SOURCE 1
| #define _GNU_SOURCE 1
| #define _POSIX_PTHREAD_SEMANTICS 1
| #define _TANDEM_SOURCE 1
| #define STDC_HEADERS 1
| #define HAVE_SYS_WAIT_H 1
| #define HAVE_MALLOC_H 1
| #define HAVE_FCNTL_H 1
| #define HAVE_STRING_H 1
| #define HAVE_STRINGS_H 1
| #define HAVE_SYS_FILE_H 1
| #define HAVE_SYS_IOCTL_H 1
| #define HAVE_SYS_TIME_H 1
| #define HAVE_SYSLOG_H 1
| #define HAVE_UNISTD_H 1
| #define HAVE_MEMORY_H 1
| #define HAVE_ERRNO_H 1
| #define HAVE_SYS_CDEFS_H 1
| #define TIME_WITH_SYS_TIME 1
| #define SIZEOF_SHORT 2
| #define SIZEOF_INT 4
| #define SIZEOF_LONG 8
| #define SIZEOF_SIZE_T 8
| #define SIZE_T_FMT "%lu"
| #define TIME_T_FMT "%lu"
| #define STIME_T_FMT "%ld"
| #define RETSIGTYPE void
| #define HAVE_VPRINTF 1
| /* end confdefs.h.  */
| /* Define _doprnt to an innocuous variant, in case <limits.h> declares _doprnt.
|    For example, HP-UX 11i <limits.h> declares gettimeofday.  */
| #define _doprnt innocuous__doprnt
| 
| /* System header to define __stub macros and hopefully few prototypes,
|     which can conflict with char _doprnt (); below.
|     Prefer <limits.h> to <assert.h> if __STDC__ is defined, since
|     <limits.h> exists even on freestanding compilers.  */
| 
| #ifdef __STDC__
| # include <limits.h>
| #else
| # include <assert.h>
| #endif
| 
| #undef _doprnt
| 
| /* Override any GCC internal prototype to avoid an error.
|    Use char because int might match the return type of a GCC
|    builtin and then its argument prototype would still apply.  */
| #ifdef __cplusplus
| extern "C"
| #endif
| char _doprnt ();
| /* The GNU C library defines this for functions which it implements
|     to always fail with ENOSYS.  Some functions are actually named
|     something starting with __ and the normal name is an alias.  */
| #if defined __stub__doprnt || defined __stub____doprnt
| choke me
| #endif
| 
| int
| main ()
| {
| return _doprnt ();
|   ;
|   return 0;
| }
configure:5433: result: no
configure:5447: checking for strchr
configure:5447: gcc -o conftest -g -O3   conftest.c -lresolv -lcrypt  >&5
conftest.c:71:6: warning: conflicting types for built-in function 'strchr'
 char strchr ();
      ^~~~~~
configure:5447: $? = 0
configure:5447: result: yes
configure:5447: checking for memcpy
configure:5447: gcc -o conftest -g -O3   conftest.c -lresolv -lcrypt  >&5
conftest.c:72:6: warning: conflicting types for built-in function 'memcpy'
 char memcpy ();
      ^~~~~~
configure:5447: $? = 0
configure:5447: result: yes
configure:5447: checking for memmove
configure:5447: gcc -o conftest -g -O3   conftest.c -lresolv -lcrypt  >&5
conftest.c:73:6: warning: conflicting types for built-in function 'memmove'
 char memmove ();
      ^~~~~~~
configure:5447: $? = 0
configure:5447: result: yes
configure:5459: checking for gethostname
configure:5459: gcc -o conftest -g -O3   conftest.c -lresolv -lcrypt  >&5
configure:5459: $? = 0
configure:5459: result: yes
configure:5459: checking for gettimeofday
configure:5459: gcc -o conftest -g -O3   conftest.c -lresolv -lcrypt  >&5
configure:5459: $? = 0
configure:5459: result: yes
configure:5459: checking for mkdir
configure:5459: gcc -o conftest -g -O3   conftest.c -lresolv -lcrypt  >&5
configure:5459: $? = 0
configure:5459: result: yes
configure:5459: checking for strerror
configure:5459: gcc -o conftest -g -O3   conftest.c -lresolv -lcrypt  >&5
configure:5459: $? = 0
configure:5459: result: yes
configure:5459: checking for strtoken
configure:5459: gcc -o conftest -g -O3   conftest.c -lresolv -lcrypt  >&5
/tmp/ccUwfJKL.o: In function `main':
/home/irc/ircuh/config/conftest.c:89: undefined reference to `strtoken'
collect2: error: ld returned 1 exit status
configure:5459: $? = 1
configure: failed program was:
| /* confdefs.h */
| #define PACKAGE_NAME ""
| #define PACKAGE_TARNAME ""
| #define PACKAGE_VERSION ""
| #define PACKAGE_STRING ""
| #define PACKAGE_BUGREPORT ""
| #define PACKAGE_URL ""
| #define STDC_HEADERS 1
| #define HAVE_SYS_TYPES_H 1
| #define HAVE_SYS_STAT_H 1
| #define HAVE_STDLIB_H 1
| #define HAVE_STRING_H 1
| #define HAVE_MEMORY_H 1
| #define HAVE_STRINGS_H 1
| #define HAVE_INTTYPES_H 1
| #define HAVE_STDINT_H 1
| #define HAVE_UNISTD_H 1
| #define __EXTENSIONS__ 1
| #define _ALL_SOURCE 1
| #define _GNU_SOURCE 1
| #define _POSIX_PTHREAD_SEMANTICS 1
| #define _TANDEM_SOURCE 1
| #define STDC_HEADERS 1
| #define HAVE_SYS_WAIT_H 1
| #define HAVE_MALLOC_H 1
| #define HAVE_FCNTL_H 1
| #define HAVE_STRING_H 1
| #define HAVE_STRINGS_H 1
| #define HAVE_SYS_FILE_H 1
| #define HAVE_SYS_IOCTL_H 1
| #define HAVE_SYS_TIME_H 1
| #define HAVE_SYSLOG_H 1
| #define HAVE_UNISTD_H 1
| #define HAVE_MEMORY_H 1
| #define HAVE_ERRNO_H 1
| #define HAVE_SYS_CDEFS_H 1
| #define TIME_WITH_SYS_TIME 1
| #define SIZEOF_SHORT 2
| #define SIZEOF_INT 4
| #define SIZEOF_LONG 8
| #define SIZEOF_SIZE_T 8
| #define SIZE_T_FMT "%lu"
| #define TIME_T_FMT "%lu"
| #define STIME_T_FMT "%ld"
| #define RETSIGTYPE void
| #define HAVE_VPRINTF 1
| #define HAVE_STRCHR 1
| #define HAVE_MEMCPY 1
| #define HAVE_MEMMOVE 1
| #define HAVE_GETHOSTNAME 1
| #define HAVE_GETTIMEOFDAY 1
| #define HAVE_MKDIR 1
| #define HAVE_STRERROR 1
| /* end confdefs.h.  */
| /* Define strtoken to an innocuous variant, in case <limits.h> declares strtoken.
|    For example, HP-UX 11i <limits.h> declares gettimeofday.  */
| #define strtoken innocuous_strtoken
| 
| /* System header to define __stub macros and hopefully few prototypes,
|     which can conflict with char strtoken (); below.
|     Prefer <limits.h> to <assert.h> if __STDC__ is defined, since
|     <limits.h> exists even on freestanding compilers.  */
| 
| #ifdef __STDC__
| # include <limits.h>
| #else
| # include <assert.h>
| #endif
| 
| #undef strtoken
| 
| /* Override any GCC internal prototype to avoid an error.
|    Use char because int might match the return type of a GCC
|    builtin and then its argument prototype would still apply.  */
| #ifdef __cplusplus
| extern "C"
| #endif
| char strtoken ();
| /* The GNU C library defines this for functions which it implements
|     to always fail with ENOSYS.  Some functions are actually named
|     something starting with __ and the normal name is an alias.  */
| #if defined __stub_strtoken || defined __stub___strtoken
| choke me
| #endif
| 
| int
| main ()
| {
| return strtoken ();
|   ;
|   return 0;
| }
configure:5459: result: no
configure:5471: checking for select
configure:5471: gcc -o conftest -g -O3   conftest.c -lresolv -lcrypt  >&5
configure:5471: $? = 0
configure:5471: result: yes
configure:5471: checking for socket
configure:5471: result: yes
configure:5471: checking for uname
configure:5471: gcc -o conftest -g -O3   conftest.c -lresolv -lcrypt  >&5
configure:5471: $? = 0
configure:5471: result: yes
configure:5483: checking for setrlimit
configure:5483: gcc -o conftest -g -O3   conftest.c -lresolv -lcrypt  >&5
configure:5483: $? = 0
configure:5483: result: yes
configure:5483: checking for inet_netof
configure:5483: gcc -o conftest -g -O3   conftest.c -lresolv -lcrypt  >&5
configure:5483: $? = 0
configure:5483: result: yes
configure:5483: checking for getrusage
configure:5483: gcc -o conftest -g -O3   conftest.c -lresolv -lcrypt  >&5
configure:5483: $? = 0
configure:5483: result: yes
configure:5483: checking for times
configure:5483: gcc -o conftest -g -O3   conftest.c -lresolv -lcrypt  >&5
configure:5483: $? = 0
configure:5483: result: yes
configure:5483: checking for res_init
configure:5483: gcc -o conftest -g -O3   conftest.c -lresolv -lcrypt  >&5
/tmp/ccF3HIqN.o: In function `main':
/home/irc/ircuh/config/conftest.c:96: undefined reference to `res_init'
collect2: error: ld returned 1 exit status
configure:5483: $? = 1
configure: failed program was:
| /* confdefs.h */
| #define PACKAGE_NAME ""
| #define PACKAGE_TARNAME ""
| #define PACKAGE_VERSION ""
| #define PACKAGE_STRING ""
| #define PACKAGE_BUGREPORT ""
| #define PACKAGE_URL ""
| #define STDC_HEADERS 1
| #define HAVE_SYS_TYPES_H 1
| #define HAVE_SYS_STAT_H 1
| #define HAVE_STDLIB_H 1
| #define HAVE_STRING_H 1
| #define HAVE_MEMORY_H 1
| #define HAVE_STRINGS_H 1
| #define HAVE_INTTYPES_H 1
| #define HAVE_STDINT_H 1
| #define HAVE_UNISTD_H 1
| #define __EXTENSIONS__ 1
| #define _ALL_SOURCE 1
| #define _GNU_SOURCE 1
| #define _POSIX_PTHREAD_SEMANTICS 1
| #define _TANDEM_SOURCE 1
| #define STDC_HEADERS 1
| #define HAVE_SYS_WAIT_H 1
| #define HAVE_MALLOC_H 1
| #define HAVE_FCNTL_H 1
| #define HAVE_STRING_H 1
| #define HAVE_STRINGS_H 1
| #define HAVE_SYS_FILE_H 1
| #define HAVE_SYS_IOCTL_H 1
| #define HAVE_SYS_TIME_H 1
| #define HAVE_SYSLOG_H 1
| #define HAVE_UNISTD_H 1
| #define HAVE_MEMORY_H 1
| #define HAVE_ERRNO_H 1
| #define HAVE_SYS_CDEFS_H 1
| #define TIME_WITH_SYS_TIME 1
| #define SIZEOF_SHORT 2
| #define SIZEOF_INT 4
| #define SIZEOF_LONG 8
| #define SIZEOF_SIZE_T 8
| #define SIZE_T_FMT "%lu"
| #define TIME_T_FMT "%lu"
| #define STIME_T_FMT "%ld"
| #define RETSIGTYPE void
| #define HAVE_VPRINTF 1
| #define HAVE_STRCHR 1
| #define HAVE_MEMCPY 1
| #define HAVE_MEMMOVE 1
| #define HAVE_GETHOSTNAME 1
| #define HAVE_GETTIMEOFDAY 1
| #define HAVE_MKDIR 1
| #define HAVE_STRERROR 1
| #define HAVE_SELECT 1
| #define HAVE_SOCKET 1
| #define HAVE_UNAME 1
| #define HAVE_SETRLIMIT 1
| #define HAVE_INET_NETOF 1
| #define HAVE_GETRUSAGE 1
| #define HAVE_TIMES 1
| /* end confdefs.h.  */
| /* Define res_init to an innocuous variant, in case <limits.h> declares res_init.
|    For example, HP-UX 11i <limits.h> declares gettimeofday.  */
| #define res_init innocuous_res_init
| 
| /* System header to define __stub macros and hopefully few prototypes,
|     which can conflict with char res_init (); below.
|     Prefer <limits.h> to <assert.h> if __STDC__ is defined, since
|     <limits.h> exists even on freestanding compilers.  */
| 
| #ifdef __STDC__
| # include <limits.h>
| #else
| # include <assert.h>
| #endif
| 
| #undef res_init
| 
| /* Override any GCC internal prototype to avoid an error.
|    Use char because int might match the return type of a GCC
|    builtin and then its argument prototype would still apply.  */
| #ifdef __cplusplus
| extern "C"
| #endif
| char res_init ();
| /* The GNU C library defines this for functions which it implements
|     to always fail with ENOSYS.  Some functions are actually named
|     something starting with __ and the normal name is an alias.  */
| #if defined __stub_res_init || defined __stub___res_init
| choke me
| #endif
| 
| int
| main ()
| {
| return res_init ();
|   ;
|   return 0;
| }
configure:5483: result: no
configure:5496: checking for socklen_t
configure:5518: gcc -c -g -O3  conftest.c >&5
configure:5518: $? = 0
configure:5530: result: yes
configure:5541: checking for uintptr_t
configure:5562: gcc -c -g -O3  conftest.c >&5
configure:5562: $? = 0
configure:5574: result: yes
configure:5586: checking for struct sockaddr_in6
configure:5586: gcc -c -g -O3  conftest.c >&5
configure:5586: $? = 0
configure:5586: gcc -c -g -O3  conftest.c >&5
conftest.c: In function 'main':
conftest.c:68:34: error: expected expression before ')' token
 if (sizeof ((struct sockaddr_in6)))
                                  ^
configure:5586: $? = 1
configure: failed program was:
| /* confdefs.h */
| #define PACKAGE_NAME ""
| #define PACKAGE_TARNAME ""
| #define PACKAGE_VERSION ""
| #define PACKAGE_STRING ""
| #define PACKAGE_BUGREPORT ""
| #define PACKAGE_URL ""
| #define STDC_HEADERS 1
| #define HAVE_SYS_TYPES_H 1
| #define HAVE_SYS_STAT_H 1
| #define HAVE_STDLIB_H 1
| #define HAVE_STRING_H 1
| #define HAVE_MEMORY_H 1
| #define HAVE_STRINGS_H 1
| #define HAVE_INTTYPES_H 1
| #define HAVE_STDINT_H 1
| #define HAVE_UNISTD_H 1
| #define __EXTENSIONS__ 1
| #define _ALL_SOURCE 1
| #define _GNU_SOURCE 1
| #define _POSIX_PTHREAD_SEMANTICS 1
| #define _TANDEM_SOURCE 1
| #define STDC_HEADERS 1
| #define HAVE_SYS_WAIT_H 1
| #define HAVE_MALLOC_H 1
| #define HAVE_FCNTL_H 1
| #define HAVE_STRING_H 1
| #define HAVE_STRINGS_H 1
| #define HAVE_SYS_FILE_H 1
| #define HAVE_SYS_IOCTL_H 1
| #define HAVE_SYS_TIME_H 1
| #define HAVE_SYSLOG_H 1
| #define HAVE_UNISTD_H 1
| #define HAVE_MEMORY_H 1
| #define HAVE_ERRNO_H 1
| #define HAVE_SYS_CDEFS_H 1
| #define TIME_WITH_SYS_TIME 1
| #define SIZEOF_SHORT 2
| #define SIZEOF_INT 4
| #define SIZEOF_LONG 8
| #define SIZEOF_SIZE_T 8
| #define SIZE_T_FMT "%lu"
| #define TIME_T_FMT "%lu"
| #define STIME_T_FMT "%ld"
| #define RETSIGTYPE void
| #define HAVE_VPRINTF 1
| #define HAVE_STRCHR 1
| #define HAVE_MEMCPY 1
| #define HAVE_MEMMOVE 1
| #define HAVE_GETHOSTNAME 1
| #define HAVE_GETTIMEOFDAY 1
| #define HAVE_MKDIR 1
| #define HAVE_STRERROR 1
| #define HAVE_SELECT 1
| #define HAVE_SOCKET 1
| #define HAVE_UNAME 1
| #define HAVE_SETRLIMIT 1
| #define HAVE_INET_NETOF 1
| #define HAVE_GETRUSAGE 1
| #define HAVE_TIMES 1
| /* end confdefs.h.  */
| #include <sys/types.h>
| #include <netinet/in.h>
| 
| int
| main ()
| {
| if (sizeof ((struct sockaddr_in6)))
| 	    return 0;
|   ;
|   return 0;
| }
configure:5586: result: yes
configure:5612: checking for gawk
configure:5642: result: no
configure:5612: checking for mawk
configure:5628: found /usr/bin/mawk
configure:5639: result: mawk
configure:5650: checking whether make sets $(MAKE)
configure:5672: result: yes
configure:5695: checking for a BSD-compatible install
configure:5763: result: /usr/bin/install -c
configure:5774: checking whether ln -s works
configure:5778: result: yes
configure:5789: checking for rm
configure:5807: found /bin/rm
configure:5819: result: /bin/rm
configure:5835: checking for sh
configure:5853: found /bin/sh
configure:5865: result: /bin/sh
configure:5878: checking for set -h
configure:5893: result: no
configure:5897: checking for posix non-blocking
configure:5934: gcc -o conftest -g -O3   conftest.c -lresolv -lcrypt  >&5
conftest.c: In function 'alarmed':
conftest.c:69:18: warning: implicit declaration of function 'exit' [-Wimplicit-function-declaration]
 void alarmed() { exit(1); }
                  ^~~~
conftest.c:69:18: warning: incompatible implicit declaration of built-in function 'exit'
conftest.c:69:18: note: include '<stdlib.h>' or provide a declaration of 'exit'
conftest.c: In function 'main':
conftest.c:79:5: warning: implicit declaration of function 'alarm' [-Wimplicit-function-declaration]
     alarm(2);
     ^~~~~
conftest.c:80:31: warning: passing argument 6 of 'recvfrom' from incompatible pointer type [-Wincompatible-pointer-types]
     recvfrom(f, b, 12, 0, &x, &l);
                               ^
In file included from conftest.c:64:0:
/usr/include/x86_64-linux-gnu/sys/socket.h:163:16: note: expected 'socklen_t * restrict {aka unsigned int * restrict}' but argument is of type 'size_t * {aka long unsigned int *}'
 extern ssize_t recvfrom (int __fd, void *__restrict __buf, size_t __n,
                ^~~~~~~~
conftest.c:82:5: warning: incompatible implicit declaration of built-in function 'exit'
     exit(0);
     ^~~~
conftest.c:82:5: note: include '<stdlib.h>' or provide a declaration of 'exit'
conftest.c:84:3: warning: incompatible implicit declaration of built-in function 'exit'
   exit(1);
   ^~~~
conftest.c:84:3: note: include '<stdlib.h>' or provide a declaration of 'exit'
configure:5934: $? = 0
configure:5934: ./conftest
configure:5934: $? = 0
configure:5944: result: yes
configure:6007: checking for posix signals
configure:6023: gcc -c -g -O3  conftest.c >&5
configure:6023: $? = 0
configure:6030: result: yes
configure:6086: checking if the compiler understands -pipe
configure:6109: result: yes
configure:6242: creating ./config.status

## ---------------------- ##
## Running config.status. ##
## ---------------------- ##

This file was extended by config.status, which was
generated by GNU Autoconf 2.69.  Invocation command line was

  CONFIG_FILES    = 
  CONFIG_HEADERS  = 
  CONFIG_LINKS    = 
  CONFIG_COMMANDS = 
  $ ./config.status 

on vps812559

config.status:868: creating config-sh
config.status:971: WARNING:  'config-sh.in' seems to ignore the --datarootdir setting
config.status:868: creating configuretool
config.status:868: creating ../Makefile
config.status:868: creating ../ircd/Makefile
config.status:868: creating ../doc/Makefile
config.status:868: creating Makefile
config.status:868: creating setup.h
config.status:1043: setup.h is unchanged
config.status:1057: executing default commands

## ---------------- ##
## Cache variables. ##
## ---------------- ##

ac_cv_c_bigendian=no
ac_cv_c_compiler_gnu=yes
ac_cv_c_const=yes
ac_cv_c_socklen_t=yes
ac_cv_c_uintptr_t=yes
ac_cv_env_CC_set=
ac_cv_env_CC_value=
ac_cv_env_CFLAGS_set=
ac_cv_env_CFLAGS_value=
ac_cv_env_CPPFLAGS_set=
ac_cv_env_CPPFLAGS_value=
ac_cv_env_CPP_set=
ac_cv_env_CPP_value=
ac_cv_env_LDFLAGS_set=
ac_cv_env_LDFLAGS_value=
ac_cv_env_LIBS_set=
ac_cv_env_LIBS_value=
ac_cv_env_build_alias_set=
ac_cv_env_build_alias_value=
ac_cv_env_host_alias_set=
ac_cv_env_host_alias_value=
ac_cv_env_target_alias_set=
ac_cv_env_target_alias_value=
ac_cv_func__doprnt=no
ac_cv_func_clock_gettime=yes
ac_cv_func_gethostbyname=yes
ac_cv_func_gethostname=yes
ac_cv_func_getrusage=yes
ac_cv_func_gettimeofday=yes
ac_cv_func_inet_netof=yes
ac_cv_func_memcmp_working=yes
ac_cv_func_memcpy=yes
ac_cv_func_memmove=yes
ac_cv_func_mkdir=yes
ac_cv_func_res_init=no
ac_cv_func_select=yes
ac_cv_func_setrlimit=yes
ac_cv_func_setvbuf_reversed=no
ac_cv_func_socket=yes
ac_cv_func_strchr=yes
ac_cv_func_strerror=yes
ac_cv_func_strtoken=no
ac_cv_func_times=yes
ac_cv_func_uname=yes
ac_cv_func_vprintf=yes
ac_cv_header_errno_h=yes
ac_cv_header_fcntl_h=yes
ac_cv_header_inttypes_h=yes
ac_cv_header_malloc_h=yes
ac_cv_header_memory_h=yes
ac_cv_header_minix_config_h=no
ac_cv_header_net_errno_h=no
ac_cv_header_stdc=yes
ac_cv_header_stdint_h=yes
ac_cv_header_stdlib_h=yes
ac_cv_header_string_h=yes
ac_cv_header_strings_h=yes
ac_cv_header_sys_cdefs_h=yes
ac_cv_header_sys_file_h=yes
ac_cv_header_sys_ioctl_h=yes
ac_cv_header_sys_malloc_h=no
ac_cv_header_sys_stat_h=yes
ac_cv_header_sys_time_h=yes
ac_cv_header_sys_types_h=yes
ac_cv_header_sys_wait_h=yes
ac_cv_header_syslog_h=yes
ac_cv_header_time=yes
ac_cv_header_unistd_h=yes
ac_cv_objext=o
ac_cv_path_EGREP='/bin/grep -E'
ac_cv_path_GREP=/bin/grep
ac_cv_path_RMPROG=/bin/rm
ac_cv_path_SHPROG=/bin/sh
ac_cv_path_install='/usr/bin/install -c'
ac_cv_prog_AWK=mawk
ac_cv_prog_CPP='gcc -E'
ac_cv_prog_ac_ct_CC=gcc
ac_cv_prog_cc_c89=
ac_cv_prog_cc_g=yes
ac_cv_prog_gcc_traditional=no
ac_cv_prog_make_make_set=yes
ac_cv_safe_to_define___extensions__=yes
ac_cv_search___res_mkquery=-lresolv
ac_cv_search_clock_gettime='none required'
ac_cv_search_crypt=-lcrypt
ac_cv_search_strerror='none required'
ac_cv_sizeof_int=4
ac_cv_sizeof_long=8
ac_cv_sizeof_short=2
ac_cv_sizeof_size_t=8
ac_cv_struct_tm=time.h
ac_cv_type_int16_t=yes
ac_cv_type_int32_t=yes
ac_cv_type_signal=void
ac_cv_type_size_t=yes
ac_cv_type_struct_sockaddr_in6=yes
ac_cv_type_u_int16_t=yes
ac_cv_type_u_int32_t=yes
ac_cv_type_uid_t=yes
am_cv_prog_cc_stdc=
unet_cv_pipe_flags=yes
unet_cv_sizeof_time_t=8
unet_cv_sys_nonblocking_posix=yes
unet_cv_sys_set_h=no
unet_cv_sys_signal_posix=yes

## ----------------- ##
## Output variables. ##
## ----------------- ##

AWK='mawk'
CC='gcc'
CFLAGS='-g -O3 -pipe'
CPP='gcc -E'
CPPFLAGS=''
DEFS='-DHAVE_CONFIG_H'
ECHO_C=''
ECHO_N='-n'
ECHO_T=''
EGREP='/bin/grep -E'
EXEEXT=''
GREP='/bin/grep'
INSTALL_DATA='${INSTALL} -m 644'
INSTALL_PROGRAM='${INSTALL}'
INSTALL_SCRIPT='${INSTALL}'
LDFLAGS=''
LIBOBJS=''
LIBS='-lresolv -lcrypt '
LN_S='ln -s'
LTLIBOBJS=''
OBJEXT='o'
PACKAGE_BUGREPORT=''
PACKAGE_NAME=''
PACKAGE_STRING=''
PACKAGE_TARNAME=''
PACKAGE_URL=''
PACKAGE_VERSION=''
PATH_SEPARATOR=':'
RMPROG='/bin/rm'
SET_MAKE=''
SHELL='/bin/bash'
SHPROG='/bin/sh'
ac_ct_CC='gcc'
ac_cv_header_poll_h=''
ac_cv_header_syslog_h='yes'
bindir='${exec_prefix}/bin'
build_alias=''
datadir='${datarootdir}'
datarootdir='${prefix}/share'
docdir='${datarootdir}/doc/${PACKAGE}'
dvidir='${docdir}'
exec_prefix='${prefix}'
host_alias=''
htmldir='${docdir}'
includedir='${prefix}/include'
infodir='${datarootdir}/info'
libdir='${exec_prefix}/lib'
libexecdir='${exec_prefix}/libexec'
localedir='${datarootdir}/locale'
localstatedir='${prefix}/var'
mandir='${datarootdir}/man'
oldincludedir='/usr/include'
pdfdir='${docdir}'
prefix='/home/irc/ircu'
program_transform_name='s,x,x,'
psdir='${docdir}'
sbindir='${exec_prefix}/sbin'
sharedstatedir='${prefix}/com'
sysconfdir='${prefix}/etc'
target_alias=''
unet_cv_func_poll_syscall=''
unet_cv_sys_set_h='no'

## ----------- ##
## confdefs.h. ##
## ----------- ##

/* confdefs.h */
#define PACKAGE_NAME ""
#define PACKAGE_TARNAME ""
#define PACKAGE_VERSION ""
#define PACKAGE_STRING ""
#define PACKAGE_BUGREPORT ""
#define PACKAGE_URL ""
#define STDC_HEADERS 1
#define HAVE_SYS_TYPES_H 1
#define HAVE_SYS_STAT_H 1
#define HAVE_STDLIB_H 1
#define HAVE_STRING_H 1
#define HAVE_MEMORY_H 1
#define HAVE_STRINGS_H 1
#define HAVE_INTTYPES_H 1
#define HAVE_STDINT_H 1
#define HAVE_UNISTD_H 1
#define __EXTENSIONS__ 1
#define _ALL_SOURCE 1
#define _GNU_SOURCE 1
#define _POSIX_PTHREAD_SEMANTICS 1
#define _TANDEM_SOURCE 1
#define STDC_HEADERS 1
#define HAVE_SYS_WAIT_H 1
#define HAVE_MALLOC_H 1
#define HAVE_FCNTL_H 1
#define HAVE_STRING_H 1
#define HAVE_STRINGS_H 1
#define HAVE_SYS_FILE_H 1
#define HAVE_SYS_IOCTL_H 1
#define HAVE_SYS_TIME_H 1
#define HAVE_SYSLOG_H 1
#define HAVE_UNISTD_H 1
#define HAVE_MEMORY_H 1
#define HAVE_ERRNO_H 1
#define HAVE_SYS_CDEFS_H 1
#define TIME_WITH_SYS_TIME 1
#define SIZEOF_SHORT 2
#define SIZEOF_INT 4
#define SIZEOF_LONG 8
#define SIZEOF_SIZE_T 8
#define SIZE_T_FMT "%lu"
#define TIME_T_FMT "%lu"
#define STIME_T_FMT "%ld"
#define RETSIGTYPE void
#define HAVE_VPRINTF 1
#define HAVE_STRCHR 1
#define HAVE_MEMCPY 1
#define HAVE_MEMMOVE 1
#define HAVE_GETHOSTNAME 1
#define HAVE_GETTIMEOFDAY 1
#define HAVE_MKDIR 1
#define HAVE_STRERROR 1
#define HAVE_SELECT 1
#define HAVE_SOCKET 1
#define HAVE_UNAME 1
#define HAVE_SETRLIMIT 1
#define HAVE_INET_NETOF 1
#define HAVE_GETRUSAGE 1
#define HAVE_TIMES 1
#define IPV6 1
#define NBLOCK_POSIX 1
#define POSIX_SIGNALS 1

configure: exit 0

## ---------------------- ##
## Running config.status. ##
## ---------------------- ##

This file was extended by config.status, which was
generated by GNU Autoconf 2.69.  Invocation command line was

  CONFIG_FILES    = ../ircd/Makefile
  CONFIG_HEADERS  = 
  CONFIG_LINKS    = 
  CONFIG_COMMANDS = 
  $ ./config.status 

on vps812559

config.status:868: creating ../ircd/Makefile
config.status:1057: executing default commands

## ---------------------- ##
## Running config.status. ##
## ---------------------- ##

This file was extended by config.status, which was
generated by GNU Autoconf 2.69.  Invocation command line was

  CONFIG_FILES    = ../doc/Makefile
  CONFIG_HEADERS  = 
  CONFIG_LINKS    = 
  CONFIG_COMMANDS = 
  $ ./config.status 

on vps812559

config.status:868: creating ../doc/Makefile
config.status:1057: executing default commands
